     1                                 %line 1+1 read.asm
     2                                 
     3                                 
     4                                 %line 4+1 read.asm
     5                                 
     6                                 [section .data]
     7                                  EXIT_SUCCESS equ 0
     8                                  SYS_EXIT equ 60
     9                                 
    10 00000000 5069636B2061204E75-     guesstion db 'Pick a Number Between 1 and 10: ', 0
    11 00000000 6D6265722042657477-
    12 00000000 65656E203120616E64-
    13 00000000 2031303A2000       
    14                                  guesstion_len equ $ - guesstion
    15                                 
    16 00000021 506C61792041676169-     againstion db 'Play Again 0 (no) or 1 (yes): ', 0
    17 00000021 6E203020286E6F2920-
    18 00000021 6F7220312028796573-
    19 00000021 293A2000           
    20                                  againstion_len equ $ - againstion
    21                                 
    22 00000040 0A                      newline db 0xa
    23                                 
    24                                 
    25                                 
    26                                 [section .bss]
    27 00000000 <gap>                   buf resb 256
    28                                 
    29                                 
    30                                 
    31                                 [section .text]
    32                                 [global _start]
    33                                 
    34                                 _start:
    35                                 
    36                                 read_loop:
    37 00000000 48C7C001000000          mov rax,1
    38 00000007 48C7C701000000          mov rdi, 1
    39 0000000E 48C7C6[00000000]        mov rsi, guesstion
    40 00000015 48BA21000000000000-     mov rdx, guesstion_len
    41 00000015 00                 
    42 0000001F 0F05                    syscall
    43                                 
    44 00000021 48C7C000000000          mov rax, 0
    45 00000028 48C7C700000000          mov rdi, 0
    46 0000002F 48C7C6[00000000]        mov rsi, buf
    47 00000036 48C7C200010000          mov rdx, 256
    48 0000003D 0F05                    syscall
    49                                 
    50 0000003F 8A0425[00000000]        mov al, byte [buf]
    51 00000046 3C30                    cmp al, 0x30
    52 00000048 7CB4                    jl read_loop
    53                                 
    54 0000004A 6683F839                cmp ax, 0x39
    55 0000004E 7FAE                    jg read_loop
    56                                 
    57 00000050 8A0425[01000000]        mov al, byte [buf + 1]
    58 00000057 3C0A                    cmp al, 0xa
    59 00000059 7408                    jz read_quit
    60                                 
    61 0000005B 3C30                    cmp al, 0x30
    62 0000005D 7C9F                    jl read_loop
    63                                 
    64 0000005F 6683F839                cmp ax, 0x39
    65 00000063 7F99                    jg read_loop
    66                                 
    67                                 
    68                                 read_quit:
    69 00000065 8A0425[01000000]        mov al, [buf + 1]
    70 0000006C 3C30                    cmp al, 0x30
    71 0000006E 7C0D                    jl null_terminate_1
    72                                 
    73 00000070 3C39                    cmp al, 0x39
    74 00000072 7F09                    jg null_terminate_1
    75                                 
    76                                 null_terminate_2:
    77 00000074 B000                    mov al, 0
    78 00000076 880425[02000000]        mov [buf + 2], al
    79 0000007D EB07                    jmp after_terminate
    80                                 
    81                                 null_terminate_1:
    82 0000007F B000                    mov al, 0
    83 00000081 880425[01000000]        mov [buf + 1], al
    84                                 
    85                                 
    86                                 
    87                                 after_terminate:
    88 00000088 48C7C001000000          mov rax,1
    89 0000008F 48C7C701000000          mov rdi, 1
    90 00000096 48C7C6[00000000]        mov rsi, buf
    91 0000009D 48C7C202000000          mov rdx, 2
    92 000000A4 0F05                    syscall
    93                                 
    94 000000A6 48C7C001000000          mov rax, 1
    95 000000AD 48C7C701000000          mov rdi, 1
    96 000000B4 48C7C6[00000000]        mov rsi, newline
    97 000000BB 48C7C201000000          mov rdx, 1
    98 000000C2 0F05                    syscall
    99                                 
   100                                 
   101                                 last:
   102 000000C4 48C7C03C000000          mov rax, SYS_EXIT
   103 000000CB 48C7C700000000          mov rdi, EXIT_SUCCESS
   104 000000D2 0F05                    syscall
   105                                 
